2024-05-22 14:09:24,309 INFO    StreamThr :148775 [internal.py:wandb_internal():86] W&B internal server running at pid: 148775, started at: 2024-05-22 14:09:24.309211
2024-05-22 14:09:24,311 DEBUG   HandlerThread:148775 [handler.py:handle_request():146] handle_request: status
2024-05-22 14:09:24,316 INFO    WriterThread:148775 [datastore.py:open_for_write():87] open: /home/test/FRL/wandb/run-20240522_140924-e2hxupqh/run-e2hxupqh.wandb
2024-05-22 14:09:24,316 DEBUG   SenderThread:148775 [sender.py:send():379] send: header
2024-05-22 14:09:24,320 DEBUG   SenderThread:148775 [sender.py:send():379] send: run
2024-05-22 14:09:24,824 INFO    SenderThread:148775 [dir_watcher.py:__init__():211] watching files in: /home/test/FRL/wandb/run-20240522_140924-e2hxupqh/files
2024-05-22 14:09:24,824 INFO    SenderThread:148775 [sender.py:_start_run_threads():1124] run started: e2hxupqh with start time 1716350964.308695
2024-05-22 14:09:24,856 DEBUG   HandlerThread:148775 [handler.py:handle_request():146] handle_request: check_version
2024-05-22 14:09:24,856 DEBUG   SenderThread:148775 [sender.py:send_request():406] send_request: check_version
2024-05-22 14:09:25,021 DEBUG   HandlerThread:148775 [handler.py:handle_request():146] handle_request: run_start
2024-05-22 14:09:25,037 DEBUG   HandlerThread:148775 [system_info.py:__init__():26] System info init
2024-05-22 14:09:25,037 DEBUG   HandlerThread:148775 [system_info.py:__init__():41] System info init done
2024-05-22 14:09:25,038 INFO    HandlerThread:148775 [system_monitor.py:start():194] Starting system monitor
2024-05-22 14:09:25,038 INFO    SystemMonitor:148775 [system_monitor.py:_start():158] Starting system asset monitoring threads
2024-05-22 14:09:25,038 INFO    HandlerThread:148775 [system_monitor.py:probe():214] Collecting system info
2024-05-22 14:09:25,039 INFO    SystemMonitor:148775 [interfaces.py:start():190] Started cpu monitoring
2024-05-22 14:09:25,040 INFO    SystemMonitor:148775 [interfaces.py:start():190] Started disk monitoring
2024-05-22 14:09:25,041 INFO    SystemMonitor:148775 [interfaces.py:start():190] Started gpu monitoring
2024-05-22 14:09:25,042 INFO    SystemMonitor:148775 [interfaces.py:start():190] Started memory monitoring
2024-05-22 14:09:25,042 INFO    SystemMonitor:148775 [interfaces.py:start():190] Started network monitoring
2024-05-22 14:09:25,049 DEBUG   HandlerThread:148775 [system_info.py:probe():150] Probing system
2024-05-22 14:09:25,050 DEBUG   HandlerThread:148775 [system_info.py:_probe_git():135] Probing git
2024-05-22 14:09:25,055 DEBUG   HandlerThread:148775 [system_info.py:_probe_git():143] Probing git done
2024-05-22 14:09:25,055 DEBUG   HandlerThread:148775 [system_info.py:probe():198] Probing system done
2024-05-22 14:09:25,055 DEBUG   HandlerThread:148775 [system_monitor.py:probe():223] {'os': 'Linux-6.2.0-39-generic-x86_64-with-glibc2.37', 'python': '3.10.9', 'heartbeatAt': '2024-05-22T04:09:25.049731', 'startedAt': '2024-05-22T04:09:24.288779', 'docker': None, 'cuda': None, 'args': ('--data_loc', '/CIFAR10/data/', '--config', 'experiments/004_config_MNIST_LeNet_FRL_1000users_noniid1.0_nomalicious.txt'), 'state': 'running', 'program': '/home/test/FRL/main.py', 'codePathLocal': 'main.py', 'codePath': 'main.py', 'git': {'remote': 'https://github.com/gongzir1/FRL_my.git', 'commit': '3813aaf5f47fcc5e6081aa7e90a2dbe272effb33'}, 'email': 'zhaoxi_zhang@163.com', 'root': '/home/test/FRL', 'host': 'test-MS-7B51', 'username': 'test', 'executable': '/home/test/anaconda3/envs/FRL_test/bin/python', 'cpu_count': 6, 'cpu_count_logical': 12, 'cpu_freq': {'current': 2299.099583333333, 'min': 800.0, 'max': 4700.0}, 'cpu_freq_per_core': [{'current': 1751.118, 'min': 800.0, 'max': 4700.0}, {'current': 2908.201, 'min': 800.0, 'max': 4700.0}, {'current': 2455.267, 'min': 800.0, 'max': 4700.0}, {'current': 3397.247, 'min': 800.0, 'max': 4700.0}, {'current': 2162.241, 'min': 800.0, 'max': 4700.0}, {'current': 2536.806, 'min': 800.0, 'max': 4700.0}, {'current': 2406.867, 'min': 800.0, 'max': 4700.0}, {'current': 1598.933, 'min': 800.0, 'max': 4700.0}, {'current': 1600.546, 'min': 800.0, 'max': 4700.0}, {'current': 3480.461, 'min': 800.0, 'max': 4700.0}, {'current': 2407.095, 'min': 800.0, 'max': 4700.0}, {'current': 3089.799, 'min': 800.0, 'max': 4700.0}], 'disk': {'/': {'total': 439.04788970947266, 'used': 246.61423110961914}}, 'gpu': 'NVIDIA GeForce RTX 3080', 'gpu_count': 1, 'gpu_devices': [{'name': 'NVIDIA GeForce RTX 3080', 'memory_total': 10737418240}], 'memory': {'total': 62.724266052246094}}
2024-05-22 14:09:25,055 INFO    HandlerThread:148775 [system_monitor.py:probe():224] Finished collecting system info
2024-05-22 14:09:25,055 INFO    HandlerThread:148775 [system_monitor.py:probe():227] Publishing system info
2024-05-22 14:09:25,055 DEBUG   HandlerThread:148775 [system_info.py:_save_conda():207] Saving list of conda packages installed into the current environment
2024-05-22 14:09:25,824 INFO    Thread-12 :148775 [dir_watcher.py:_on_file_created():271] file/dir created: /home/test/FRL/wandb/run-20240522_140924-e2hxupqh/files/conda-environment.yaml
2024-05-22 14:09:26,525 DEBUG   HandlerThread:148775 [system_info.py:_save_conda():222] Saving conda packages done
2024-05-22 14:09:26,526 INFO    HandlerThread:148775 [system_monitor.py:probe():229] Finished publishing system info
2024-05-22 14:09:26,529 DEBUG   SenderThread:148775 [sender.py:send():379] send: files
2024-05-22 14:09:26,529 INFO    SenderThread:148775 [sender.py:_save_file():1390] saving file wandb-metadata.json with policy now
2024-05-22 14:09:26,579 DEBUG   HandlerThread:148775 [handler.py:handle_request():146] handle_request: python_packages
2024-05-22 14:09:26,580 DEBUG   SenderThread:148775 [sender.py:send_request():406] send_request: python_packages
2024-05-22 14:09:26,580 DEBUG   HandlerThread:148775 [handler.py:handle_request():146] handle_request: stop_status
2024-05-22 14:09:26,580 DEBUG   SenderThread:148775 [sender.py:send_request():406] send_request: stop_status
2024-05-22 14:09:26,582 DEBUG   HandlerThread:148775 [handler.py:handle_request():146] handle_request: internal_messages
2024-05-22 14:09:26,824 INFO    Thread-12 :148775 [dir_watcher.py:_on_file_modified():288] file/dir modified: /home/test/FRL/wandb/run-20240522_140924-e2hxupqh/files/conda-environment.yaml
2024-05-22 14:09:26,824 INFO    Thread-12 :148775 [dir_watcher.py:_on_file_created():271] file/dir created: /home/test/FRL/wandb/run-20240522_140924-e2hxupqh/files/requirements.txt
2024-05-22 14:09:26,824 INFO    Thread-12 :148775 [dir_watcher.py:_on_file_created():271] file/dir created: /home/test/FRL/wandb/run-20240522_140924-e2hxupqh/files/wandb-metadata.json
2024-05-22 14:09:26,955 DEBUG   SenderThread:148775 [sender.py:send():379] send: telemetry
2024-05-22 14:09:27,601 INFO    wandb-upload_0:148775 [upload_job.py:push():131] Uploaded file /tmp/tmp2ehhdcanwandb/1zo55wkf-wandb-metadata.json
2024-05-22 14:09:27,824 INFO    Thread-12 :148775 [dir_watcher.py:_on_file_created():271] file/dir created: /home/test/FRL/wandb/run-20240522_140924-e2hxupqh/files/output.log
2024-05-22 14:09:29,825 INFO    Thread-12 :148775 [dir_watcher.py:_on_file_modified():288] file/dir modified: /home/test/FRL/wandb/run-20240522_140924-e2hxupqh/files/output.log
2024-05-22 14:09:29,956 DEBUG   HandlerThread:148775 [handler.py:handle_request():146] handle_request: status_report
2024-05-22 14:09:34,957 DEBUG   HandlerThread:148775 [handler.py:handle_request():146] handle_request: status_report
2024-05-22 14:09:39,957 DEBUG   HandlerThread:148775 [handler.py:handle_request():146] handle_request: status_report
2024-05-22 14:09:41,580 DEBUG   HandlerThread:148775 [handler.py:handle_request():146] handle_request: stop_status
2024-05-22 14:09:41,580 DEBUG   SenderThread:148775 [sender.py:send_request():406] send_request: stop_status
2024-05-22 14:09:41,621 DEBUG   HandlerThread:148775 [handler.py:handle_request():146] handle_request: internal_messages
2024-05-22 14:09:44,677 DEBUG   HandlerThread:148775 [handler.py:handle_request():146] handle_request: partial_history
2024-05-22 14:09:44,677 DEBUG   SenderThread:148775 [sender.py:send():379] send: history
2024-05-22 14:09:44,678 DEBUG   SenderThread:148775 [sender.py:send_request():406] send_request: summary_record
2024-05-22 14:09:44,679 INFO    SenderThread:148775 [sender.py:_save_file():1390] saving file wandb-summary.json with policy end
2024-05-22 14:09:44,829 INFO    Thread-12 :148775 [dir_watcher.py:_on_file_created():271] file/dir created: /home/test/FRL/wandb/run-20240522_140924-e2hxupqh/files/wandb-summary.json
2024-05-22 14:09:45,679 DEBUG   HandlerThread:148775 [handler.py:handle_request():146] handle_request: status_report
2024-05-22 14:09:47,830 INFO    Thread-12 :148775 [dir_watcher.py:_on_file_modified():288] file/dir modified: /home/test/FRL/wandb/run-20240522_140924-e2hxupqh/files/output.log
2024-05-22 14:09:50,680 DEBUG   HandlerThread:148775 [handler.py:handle_request():146] handle_request: status_report
2024-05-22 14:09:55,683 DEBUG   HandlerThread:148775 [handler.py:handle_request():146] handle_request: status_report
2024-05-22 14:09:56,580 DEBUG   HandlerThread:148775 [handler.py:handle_request():146] handle_request: stop_status
2024-05-22 14:09:56,580 DEBUG   SenderThread:148775 [sender.py:send_request():406] send_request: stop_status
2024-05-22 14:09:56,582 DEBUG   HandlerThread:148775 [handler.py:handle_request():146] handle_request: internal_messages
2024-05-22 14:09:56,833 INFO    Thread-12 :148775 [dir_watcher.py:_on_file_modified():288] file/dir modified: /home/test/FRL/wandb/run-20240522_140924-e2hxupqh/files/config.yaml
2024-05-22 14:10:01,908 DEBUG   HandlerThread:148775 [handler.py:handle_request():146] handle_request: status_report
2024-05-22 14:10:06,901 DEBUG   HandlerThread:148775 [handler.py:handle_request():146] handle_request: partial_history
2024-05-22 14:10:06,902 DEBUG   SenderThread:148775 [sender.py:send():379] send: history
2024-05-22 14:10:06,902 DEBUG   SenderThread:148775 [sender.py:send_request():406] send_request: summary_record
2024-05-22 14:10:06,903 INFO    SenderThread:148775 [sender.py:_save_file():1390] saving file wandb-summary.json with policy end
2024-05-22 14:10:07,836 INFO    Thread-12 :148775 [dir_watcher.py:_on_file_modified():288] file/dir modified: /home/test/FRL/wandb/run-20240522_140924-e2hxupqh/files/wandb-summary.json
2024-05-22 14:10:07,903 DEBUG   HandlerThread:148775 [handler.py:handle_request():146] handle_request: status_report
2024-05-22 14:10:09,837 INFO    Thread-12 :148775 [dir_watcher.py:_on_file_modified():288] file/dir modified: /home/test/FRL/wandb/run-20240522_140924-e2hxupqh/files/output.log
2024-05-22 14:10:11,580 DEBUG   HandlerThread:148775 [handler.py:handle_request():146] handle_request: stop_status
2024-05-22 14:10:11,581 DEBUG   SenderThread:148775 [sender.py:send_request():406] send_request: stop_status
2024-05-22 14:10:11,582 DEBUG   HandlerThread:148775 [handler.py:handle_request():146] handle_request: internal_messages
2024-05-22 14:10:13,738 DEBUG   HandlerThread:148775 [handler.py:handle_request():146] handle_request: status_report
2024-05-22 14:10:16,453 DEBUG   HandlerThread:148775 [handler.py:handle_request():146] handle_request: partial_history
2024-05-22 14:10:16,453 DEBUG   SenderThread:148775 [sender.py:send():379] send: history
2024-05-22 14:10:16,453 DEBUG   SenderThread:148775 [sender.py:send_request():406] send_request: summary_record
2024-05-22 14:10:16,454 INFO    SenderThread:148775 [sender.py:_save_file():1390] saving file wandb-summary.json with policy end
2024-05-22 14:10:16,839 INFO    Thread-12 :148775 [dir_watcher.py:_on_file_modified():288] file/dir modified: /home/test/FRL/wandb/run-20240522_140924-e2hxupqh/files/wandb-summary.json
2024-05-22 14:10:17,839 INFO    Thread-12 :148775 [dir_watcher.py:_on_file_modified():288] file/dir modified: /home/test/FRL/wandb/run-20240522_140924-e2hxupqh/files/output.log
2024-05-22 14:10:19,455 DEBUG   HandlerThread:148775 [handler.py:handle_request():146] handle_request: status_report
2024-05-22 14:10:24,456 DEBUG   HandlerThread:148775 [handler.py:handle_request():146] handle_request: status_report
2024-05-22 14:10:25,042 DEBUG   SystemMonitor:148775 [system_monitor.py:_start():172] Starting system metrics aggregation loop
2024-05-22 14:10:25,043 DEBUG   SenderThread:148775 [sender.py:send():379] send: stats
2024-05-22 14:10:26,580 DEBUG   HandlerThread:148775 [handler.py:handle_request():146] handle_request: stop_status
2024-05-22 14:10:26,580 DEBUG   SenderThread:148775 [sender.py:send_request():406] send_request: stop_status
2024-05-22 14:10:26,582 DEBUG   HandlerThread:148775 [handler.py:handle_request():146] handle_request: internal_messages
2024-05-22 14:10:29,795 DEBUG   HandlerThread:148775 [handler.py:handle_request():146] handle_request: status_report
2024-05-22 14:10:29,841 DEBUG   HandlerThread:148775 [handler.py:handle_request():146] handle_request: partial_history
2024-05-22 14:10:29,841 DEBUG   SenderThread:148775 [sender.py:send():379] send: history
2024-05-22 14:10:29,841 DEBUG   SenderThread:148775 [sender.py:send_request():406] send_request: summary_record
2024-05-22 14:10:29,842 INFO    SenderThread:148775 [sender.py:_save_file():1390] saving file wandb-summary.json with policy end
2024-05-22 14:10:29,848 INFO    Thread-12 :148775 [dir_watcher.py:_on_file_modified():288] file/dir modified: /home/test/FRL/wandb/run-20240522_140924-e2hxupqh/files/wandb-summary.json
2024-05-22 14:10:31,850 INFO    Thread-12 :148775 [dir_watcher.py:_on_file_modified():288] file/dir modified: /home/test/FRL/wandb/run-20240522_140924-e2hxupqh/files/output.log
2024-05-22 14:10:34,843 DEBUG   HandlerThread:148775 [handler.py:handle_request():146] handle_request: status_report
2024-05-22 14:10:39,432 DEBUG   HandlerThread:148775 [handler.py:handle_request():146] handle_request: partial_history
2024-05-22 14:10:39,432 DEBUG   SenderThread:148775 [sender.py:send():379] send: history
2024-05-22 14:10:39,432 DEBUG   SenderThread:148775 [sender.py:send_request():406] send_request: summary_record
2024-05-22 14:10:39,433 INFO    SenderThread:148775 [sender.py:_save_file():1390] saving file wandb-summary.json with policy end
2024-05-22 14:10:39,852 INFO    Thread-12 :148775 [dir_watcher.py:_on_file_modified():288] file/dir modified: /home/test/FRL/wandb/run-20240522_140924-e2hxupqh/files/wandb-summary.json
2024-05-22 14:10:40,433 DEBUG   HandlerThread:148775 [handler.py:handle_request():146] handle_request: status_report
2024-05-22 14:10:41,580 DEBUG   HandlerThread:148775 [handler.py:handle_request():146] handle_request: stop_status
2024-05-22 14:10:41,581 DEBUG   SenderThread:148775 [sender.py:send_request():406] send_request: stop_status
2024-05-22 14:10:41,581 DEBUG   HandlerThread:148775 [handler.py:handle_request():146] handle_request: internal_messages
2024-05-22 14:10:41,853 INFO    Thread-12 :148775 [dir_watcher.py:_on_file_modified():288] file/dir modified: /home/test/FRL/wandb/run-20240522_140924-e2hxupqh/files/output.log
2024-05-22 14:10:45,886 DEBUG   HandlerThread:148775 [handler.py:handle_request():146] handle_request: status_report
2024-05-22 14:10:50,887 DEBUG   HandlerThread:148775 [handler.py:handle_request():146] handle_request: status_report
2024-05-22 14:10:50,993 DEBUG   HandlerThread:148775 [handler.py:handle_request():146] handle_request: partial_history
2024-05-22 14:10:50,993 DEBUG   SenderThread:148775 [sender.py:send():379] send: history
2024-05-22 14:10:50,993 DEBUG   SenderThread:148775 [sender.py:send_request():406] send_request: summary_record
2024-05-22 14:10:50,993 INFO    SenderThread:148775 [sender.py:_save_file():1390] saving file wandb-summary.json with policy end
2024-05-22 14:10:51,856 INFO    Thread-12 :148775 [dir_watcher.py:_on_file_modified():288] file/dir modified: /home/test/FRL/wandb/run-20240522_140924-e2hxupqh/files/wandb-summary.json
2024-05-22 14:10:53,857 INFO    Thread-12 :148775 [dir_watcher.py:_on_file_modified():288] file/dir modified: /home/test/FRL/wandb/run-20240522_140924-e2hxupqh/files/output.log
2024-05-22 14:10:55,044 DEBUG   SenderThread:148775 [sender.py:send():379] send: stats
2024-05-22 14:10:56,044 DEBUG   HandlerThread:148775 [handler.py:handle_request():146] handle_request: status_report
2024-05-22 14:10:56,580 DEBUG   HandlerThread:148775 [handler.py:handle_request():146] handle_request: stop_status
2024-05-22 14:10:56,581 DEBUG   SenderThread:148775 [sender.py:send_request():406] send_request: stop_status
2024-05-22 14:10:56,581 DEBUG   HandlerThread:148775 [handler.py:handle_request():146] handle_request: internal_messages
2024-05-22 14:11:01,830 DEBUG   HandlerThread:148775 [handler.py:handle_request():146] handle_request: status_report
2024-05-22 14:11:02,621 DEBUG   HandlerThread:148775 [handler.py:handle_request():146] handle_request: partial_history
2024-05-22 14:11:02,621 DEBUG   SenderThread:148775 [sender.py:send():379] send: history
2024-05-22 14:11:02,621 DEBUG   SenderThread:148775 [sender.py:send_request():406] send_request: summary_record
2024-05-22 14:11:02,621 INFO    SenderThread:148775 [sender.py:_save_file():1390] saving file wandb-summary.json with policy end
2024-05-22 14:11:02,860 INFO    Thread-12 :148775 [dir_watcher.py:_on_file_modified():288] file/dir modified: /home/test/FRL/wandb/run-20240522_140924-e2hxupqh/files/wandb-summary.json
2024-05-22 14:11:05,861 INFO    Thread-12 :148775 [dir_watcher.py:_on_file_modified():288] file/dir modified: /home/test/FRL/wandb/run-20240522_140924-e2hxupqh/files/output.log
2024-05-22 14:11:07,622 DEBUG   HandlerThread:148775 [handler.py:handle_request():146] handle_request: status_report
2024-05-22 14:11:08,771 DEBUG   HandlerThread:148775 [handler.py:handle_request():146] handle_request: partial_history
2024-05-22 14:11:08,771 DEBUG   SenderThread:148775 [sender.py:send():379] send: history
2024-05-22 14:11:08,771 DEBUG   SenderThread:148775 [sender.py:send_request():406] send_request: summary_record
2024-05-22 14:11:08,771 INFO    SenderThread:148775 [sender.py:_save_file():1390] saving file wandb-summary.json with policy end
2024-05-22 14:11:08,862 INFO    Thread-12 :148775 [dir_watcher.py:_on_file_modified():288] file/dir modified: /home/test/FRL/wandb/run-20240522_140924-e2hxupqh/files/wandb-summary.json
2024-05-22 14:11:11,580 DEBUG   HandlerThread:148775 [handler.py:handle_request():146] handle_request: stop_status
2024-05-22 14:11:11,581 DEBUG   HandlerThread:148775 [handler.py:handle_request():146] handle_request: internal_messages
2024-05-22 14:11:11,581 DEBUG   SenderThread:148775 [sender.py:send_request():406] send_request: stop_status
2024-05-22 14:11:11,863 INFO    Thread-12 :148775 [dir_watcher.py:_on_file_modified():288] file/dir modified: /home/test/FRL/wandb/run-20240522_140924-e2hxupqh/files/output.log
2024-05-22 14:11:12,866 DEBUG   HandlerThread:148775 [handler.py:handle_request():146] handle_request: status_report
2024-05-22 14:11:17,866 DEBUG   HandlerThread:148775 [handler.py:handle_request():146] handle_request: status_report
2024-05-22 14:11:22,867 DEBUG   HandlerThread:148775 [handler.py:handle_request():146] handle_request: status_report
2024-05-22 14:11:24,537 DEBUG   HandlerThread:148775 [handler.py:handle_request():146] handle_request: partial_history
2024-05-22 14:11:24,537 DEBUG   SenderThread:148775 [sender.py:send():379] send: history
2024-05-22 14:11:24,538 DEBUG   SenderThread:148775 [sender.py:send_request():406] send_request: summary_record
2024-05-22 14:11:24,538 INFO    SenderThread:148775 [sender.py:_save_file():1390] saving file wandb-summary.json with policy end
2024-05-22 14:11:24,866 INFO    Thread-12 :148775 [dir_watcher.py:_on_file_modified():288] file/dir modified: /home/test/FRL/wandb/run-20240522_140924-e2hxupqh/files/wandb-summary.json
2024-05-22 14:11:25,044 DEBUG   SenderThread:148775 [sender.py:send():379] send: stats
2024-05-22 14:11:25,867 INFO    Thread-12 :148775 [dir_watcher.py:_on_file_modified():288] file/dir modified: /home/test/FRL/wandb/run-20240522_140924-e2hxupqh/files/output.log
2024-05-22 14:11:26,581 DEBUG   HandlerThread:148775 [handler.py:handle_request():146] handle_request: stop_status
2024-05-22 14:11:26,581 DEBUG   HandlerThread:148775 [handler.py:handle_request():146] handle_request: internal_messages
2024-05-22 14:11:26,581 DEBUG   SenderThread:148775 [sender.py:send_request():406] send_request: stop_status
2024-05-22 14:11:28,862 DEBUG   HandlerThread:148775 [handler.py:handle_request():146] handle_request: status_report
2024-05-22 14:11:33,863 DEBUG   HandlerThread:148775 [handler.py:handle_request():146] handle_request: status_report
2024-05-22 14:11:38,864 DEBUG   HandlerThread:148775 [handler.py:handle_request():146] handle_request: status_report
2024-05-22 14:11:40,097 DEBUG   HandlerThread:148775 [handler.py:handle_request():146] handle_request: partial_history
2024-05-22 14:11:40,097 DEBUG   SenderThread:148775 [sender.py:send():379] send: history
2024-05-22 14:11:40,097 DEBUG   SenderThread:148775 [sender.py:send_request():406] send_request: summary_record
2024-05-22 14:11:40,097 INFO    SenderThread:148775 [sender.py:_save_file():1390] saving file wandb-summary.json with policy end
2024-05-22 14:11:40,872 INFO    Thread-12 :148775 [dir_watcher.py:_on_file_modified():288] file/dir modified: /home/test/FRL/wandb/run-20240522_140924-e2hxupqh/files/wandb-summary.json
2024-05-22 14:11:41,581 DEBUG   HandlerThread:148775 [handler.py:handle_request():146] handle_request: stop_status
2024-05-22 14:11:41,581 DEBUG   SenderThread:148775 [sender.py:send_request():406] send_request: stop_status
2024-05-22 14:11:41,582 DEBUG   HandlerThread:148775 [handler.py:handle_request():146] handle_request: internal_messages
2024-05-22 14:11:41,872 INFO    Thread-12 :148775 [dir_watcher.py:_on_file_modified():288] file/dir modified: /home/test/FRL/wandb/run-20240522_140924-e2hxupqh/files/output.log
2024-05-22 14:11:44,836 DEBUG   HandlerThread:148775 [handler.py:handle_request():146] handle_request: status_report
2024-05-22 14:11:49,837 DEBUG   HandlerThread:148775 [handler.py:handle_request():146] handle_request: status_report
2024-05-22 14:11:54,837 DEBUG   HandlerThread:148775 [handler.py:handle_request():146] handle_request: status_report
2024-05-22 14:11:55,044 DEBUG   SenderThread:148775 [sender.py:send():379] send: stats
2024-05-22 14:11:55,949 DEBUG   HandlerThread:148775 [handler.py:handle_request():146] handle_request: partial_history
2024-05-22 14:11:55,949 DEBUG   SenderThread:148775 [sender.py:send():379] send: history
2024-05-22 14:11:55,949 DEBUG   SenderThread:148775 [sender.py:send_request():406] send_request: summary_record
2024-05-22 14:11:55,950 INFO    SenderThread:148775 [sender.py:_save_file():1390] saving file wandb-summary.json with policy end
2024-05-22 14:11:56,581 DEBUG   HandlerThread:148775 [handler.py:handle_request():146] handle_request: stop_status
2024-05-22 14:11:56,581 DEBUG   HandlerThread:148775 [handler.py:handle_request():146] handle_request: internal_messages
2024-05-22 14:11:56,581 DEBUG   SenderThread:148775 [sender.py:send_request():406] send_request: stop_status
2024-05-22 14:11:56,875 INFO    Thread-12 :148775 [dir_watcher.py:_on_file_modified():288] file/dir modified: /home/test/FRL/wandb/run-20240522_140924-e2hxupqh/files/wandb-summary.json
2024-05-22 14:11:57,876 INFO    Thread-12 :148775 [dir_watcher.py:_on_file_modified():288] file/dir modified: /home/test/FRL/wandb/run-20240522_140924-e2hxupqh/files/output.log
2024-05-22 14:11:59,900 DEBUG   HandlerThread:148775 [handler.py:handle_request():146] handle_request: status_report
2024-05-22 14:12:04,901 DEBUG   HandlerThread:148775 [handler.py:handle_request():146] handle_request: status_report
2024-05-22 14:12:06,873 DEBUG   HandlerThread:148775 [handler.py:handle_request():146] handle_request: partial_history
2024-05-22 14:12:06,873 DEBUG   SenderThread:148775 [sender.py:send():379] send: history
2024-05-22 14:12:06,873 DEBUG   SenderThread:148775 [sender.py:send_request():406] send_request: summary_record
2024-05-22 14:12:06,874 INFO    SenderThread:148775 [sender.py:_save_file():1390] saving file wandb-summary.json with policy end
2024-05-22 14:12:06,878 INFO    Thread-12 :148775 [dir_watcher.py:_on_file_modified():288] file/dir modified: /home/test/FRL/wandb/run-20240522_140924-e2hxupqh/files/wandb-summary.json
2024-05-22 14:12:09,879 INFO    Thread-12 :148775 [dir_watcher.py:_on_file_modified():288] file/dir modified: /home/test/FRL/wandb/run-20240522_140924-e2hxupqh/files/output.log
2024-05-22 14:12:10,875 DEBUG   HandlerThread:148775 [handler.py:handle_request():146] handle_request: status_report
2024-05-22 14:12:11,581 DEBUG   HandlerThread:148775 [handler.py:handle_request():146] handle_request: stop_status
2024-05-22 14:12:11,581 DEBUG   SenderThread:148775 [sender.py:send_request():406] send_request: stop_status
2024-05-22 14:12:11,583 DEBUG   HandlerThread:148775 [handler.py:handle_request():146] handle_request: internal_messages
2024-05-22 14:12:13,001 DEBUG   HandlerThread:148775 [handler.py:handle_request():146] handle_request: partial_history
2024-05-22 14:12:13,001 DEBUG   SenderThread:148775 [sender.py:send():379] send: history
2024-05-22 14:12:13,001 DEBUG   SenderThread:148775 [sender.py:send_request():406] send_request: summary_record
2024-05-22 14:12:13,002 INFO    SenderThread:148775 [sender.py:_save_file():1390] saving file wandb-summary.json with policy end
2024-05-22 14:12:13,880 INFO    Thread-12 :148775 [dir_watcher.py:_on_file_modified():288] file/dir modified: /home/test/FRL/wandb/run-20240522_140924-e2hxupqh/files/wandb-summary.json
2024-05-22 14:12:15,880 INFO    Thread-12 :148775 [dir_watcher.py:_on_file_modified():288] file/dir modified: /home/test/FRL/wandb/run-20240522_140924-e2hxupqh/files/output.log
2024-05-22 14:12:16,002 DEBUG   HandlerThread:148775 [handler.py:handle_request():146] handle_request: status_report
2024-05-22 14:12:21,003 DEBUG   HandlerThread:148775 [handler.py:handle_request():146] handle_request: status_report
2024-05-22 14:12:25,045 DEBUG   SenderThread:148775 [sender.py:send():379] send: stats
2024-05-22 14:12:26,045 DEBUG   HandlerThread:148775 [handler.py:handle_request():146] handle_request: status_report
2024-05-22 14:12:26,146 DEBUG   HandlerThread:148775 [handler.py:handle_request():146] handle_request: partial_history
2024-05-22 14:12:26,146 DEBUG   SenderThread:148775 [sender.py:send():379] send: history
2024-05-22 14:12:26,147 DEBUG   SenderThread:148775 [sender.py:send_request():406] send_request: summary_record
2024-05-22 14:12:26,147 INFO    SenderThread:148775 [sender.py:_save_file():1390] saving file wandb-summary.json with policy end
2024-05-22 14:12:26,581 DEBUG   HandlerThread:148775 [handler.py:handle_request():146] handle_request: stop_status
2024-05-22 14:12:26,581 DEBUG   SenderThread:148775 [sender.py:send_request():406] send_request: stop_status
2024-05-22 14:12:26,583 DEBUG   HandlerThread:148775 [handler.py:handle_request():146] handle_request: internal_messages
2024-05-22 14:12:26,883 INFO    Thread-12 :148775 [dir_watcher.py:_on_file_modified():288] file/dir modified: /home/test/FRL/wandb/run-20240522_140924-e2hxupqh/files/wandb-summary.json
2024-05-22 14:12:27,883 INFO    Thread-12 :148775 [dir_watcher.py:_on_file_modified():288] file/dir modified: /home/test/FRL/wandb/run-20240522_140924-e2hxupqh/files/output.log
2024-05-22 14:12:31,831 DEBUG   HandlerThread:148775 [handler.py:handle_request():146] handle_request: status_report
2024-05-22 14:12:36,831 DEBUG   HandlerThread:148775 [handler.py:handle_request():146] handle_request: status_report
2024-05-22 14:12:41,584 DEBUG   HandlerThread:148775 [handler.py:handle_request():146] handle_request: stop_status
2024-05-22 14:12:41,584 DEBUG   HandlerThread:148775 [handler.py:handle_request():146] handle_request: internal_messages
2024-05-22 14:12:41,585 DEBUG   SenderThread:148775 [sender.py:send_request():406] send_request: stop_status
2024-05-22 14:12:41,835 DEBUG   HandlerThread:148775 [handler.py:handle_request():146] handle_request: status_report
2024-05-22 14:12:45,573 DEBUG   HandlerThread:148775 [handler.py:handle_request():146] handle_request: partial_history
2024-05-22 14:12:45,573 DEBUG   SenderThread:148775 [sender.py:send():379] send: history
2024-05-22 14:12:45,573 DEBUG   SenderThread:148775 [sender.py:send_request():406] send_request: summary_record
2024-05-22 14:12:45,574 INFO    SenderThread:148775 [sender.py:_save_file():1390] saving file wandb-summary.json with policy end
2024-05-22 14:12:45,891 INFO    Thread-12 :148775 [dir_watcher.py:_on_file_modified():288] file/dir modified: /home/test/FRL/wandb/run-20240522_140924-e2hxupqh/files/wandb-summary.json
2024-05-22 14:12:47,574 DEBUG   HandlerThread:148775 [handler.py:handle_request():146] handle_request: status_report
2024-05-22 14:12:47,891 INFO    Thread-12 :148775 [dir_watcher.py:_on_file_modified():288] file/dir modified: /home/test/FRL/wandb/run-20240522_140924-e2hxupqh/files/output.log
2024-05-22 14:12:52,575 DEBUG   HandlerThread:148775 [handler.py:handle_request():146] handle_request: status_report
2024-05-22 14:12:55,046 DEBUG   SenderThread:148775 [sender.py:send():379] send: stats
2024-05-22 14:12:56,581 DEBUG   HandlerThread:148775 [handler.py:handle_request():146] handle_request: stop_status
2024-05-22 14:12:56,582 DEBUG   SenderThread:148775 [sender.py:send_request():406] send_request: stop_status
2024-05-22 14:12:56,583 DEBUG   HandlerThread:148775 [handler.py:handle_request():146] handle_request: internal_messages
2024-05-22 14:12:58,901 DEBUG   HandlerThread:148775 [handler.py:handle_request():146] handle_request: partial_history
2024-05-22 14:13:00,899 DEBUG   HandlerThread:148775 [handler.py:handle_request():146] handle_request: poll_exit
2024-05-22 14:13:05,901 DEBUG   HandlerThread:148775 [handler.py:handle_request():146] handle_request: keepalive
2024-05-22 14:13:10,901 DEBUG   HandlerThread:148775 [handler.py:handle_request():146] handle_request: keepalive
2024-05-22 14:13:15,904 DEBUG   HandlerThread:148775 [handler.py:handle_request():146] handle_request: keepalive
2024-05-22 14:13:20,184 INFO    SenderThread:148775 [retry.py:__call__():172] Retry attempt failed:
Traceback (most recent call last):
  File "/home/test/anaconda3/envs/FRL_test/lib/python3.10/site-packages/urllib3/connection.py", line 198, in _new_conn
    sock = connection.create_connection(
  File "/home/test/anaconda3/envs/FRL_test/lib/python3.10/site-packages/urllib3/util/connection.py", line 60, in create_connection
    for res in socket.getaddrinfo(host, port, family, socket.SOCK_STREAM):
  File "/home/test/anaconda3/envs/FRL_test/lib/python3.10/socket.py", line 955, in getaddrinfo
    for res in _socket.getaddrinfo(host, port, family, type, proto, flags):
socket.gaierror: [Errno -3] Temporary failure in name resolution

The above exception was the direct cause of the following exception:

Traceback (most recent call last):
  File "/home/test/anaconda3/envs/FRL_test/lib/python3.10/site-packages/urllib3/connectionpool.py", line 793, in urlopen
    response = self._make_request(
  File "/home/test/anaconda3/envs/FRL_test/lib/python3.10/site-packages/urllib3/connectionpool.py", line 491, in _make_request
    raise new_e
  File "/home/test/anaconda3/envs/FRL_test/lib/python3.10/site-packages/urllib3/connectionpool.py", line 467, in _make_request
    self._validate_conn(conn)
  File "/home/test/anaconda3/envs/FRL_test/lib/python3.10/site-packages/urllib3/connectionpool.py", line 1099, in _validate_conn
    conn.connect()
  File "/home/test/anaconda3/envs/FRL_test/lib/python3.10/site-packages/urllib3/connection.py", line 616, in connect
    self.sock = sock = self._new_conn()
  File "/home/test/anaconda3/envs/FRL_test/lib/python3.10/site-packages/urllib3/connection.py", line 205, in _new_conn
    raise NameResolutionError(self.host, self, e) from e
urllib3.exceptions.NameResolutionError: <urllib3.connection.HTTPSConnection object at 0x7f190435a620>: Failed to resolve 'api.wandb.ai' ([Errno -3] Temporary failure in name resolution)

The above exception was the direct cause of the following exception:

Traceback (most recent call last):
  File "/home/test/anaconda3/envs/FRL_test/lib/python3.10/site-packages/requests/adapters.py", line 486, in send
    resp = conn.urlopen(
  File "/home/test/anaconda3/envs/FRL_test/lib/python3.10/site-packages/urllib3/connectionpool.py", line 847, in urlopen
    retries = retries.increment(
  File "/home/test/anaconda3/envs/FRL_test/lib/python3.10/site-packages/urllib3/util/retry.py", line 515, in increment
    raise MaxRetryError(_pool, url, reason) from reason  # type: ignore[arg-type]
urllib3.exceptions.MaxRetryError: HTTPSConnectionPool(host='api.wandb.ai', port=443): Max retries exceeded with url: /graphql (Caused by NameResolutionError("<urllib3.connection.HTTPSConnection object at 0x7f190435a620>: Failed to resolve 'api.wandb.ai' ([Errno -3] Temporary failure in name resolution)"))

During handling of the above exception, another exception occurred:

Traceback (most recent call last):
  File "/home/test/anaconda3/envs/FRL_test/lib/python3.10/site-packages/wandb/sdk/lib/retry.py", line 131, in __call__
    result = self._call_fn(*args, **kwargs)
  File "/home/test/anaconda3/envs/FRL_test/lib/python3.10/site-packages/wandb/sdk/internal/internal_api.py", line 369, in execute
    return self.client.execute(*args, **kwargs)  # type: ignore
  File "/home/test/anaconda3/envs/FRL_test/lib/python3.10/site-packages/wandb/vendor/gql-0.2.0/wandb_gql/client.py", line 52, in execute
    result = self._get_result(document, *args, **kwargs)
  File "/home/test/anaconda3/envs/FRL_test/lib/python3.10/site-packages/wandb/vendor/gql-0.2.0/wandb_gql/client.py", line 60, in _get_result
    return self.transport.execute(document, *args, **kwargs)
  File "/home/test/anaconda3/envs/FRL_test/lib/python3.10/site-packages/wandb/sdk/lib/gql_request.py", line 58, in execute
    request = self.session.post(self.url, **post_args)
  File "/home/test/anaconda3/envs/FRL_test/lib/python3.10/site-packages/requests/sessions.py", line 637, in post
    return self.request("POST", url, data=data, json=json, **kwargs)
  File "/home/test/anaconda3/envs/FRL_test/lib/python3.10/site-packages/requests/sessions.py", line 589, in request
    resp = self.send(prep, **send_kwargs)
  File "/home/test/anaconda3/envs/FRL_test/lib/python3.10/site-packages/requests/sessions.py", line 703, in send
    r = adapter.send(request, **kwargs)
  File "/home/test/anaconda3/envs/FRL_test/lib/python3.10/site-packages/requests/adapters.py", line 519, in send
    raise ConnectionError(e, request=request)
requests.exceptions.ConnectionError: HTTPSConnectionPool(host='api.wandb.ai', port=443): Max retries exceeded with url: /graphql (Caused by NameResolutionError("<urllib3.connection.HTTPSConnection object at 0x7f190435a620>: Failed to resolve 'api.wandb.ai' ([Errno -3] Temporary failure in name resolution)"))
2024-05-22 14:13:20,905 DEBUG   HandlerThread:148775 [handler.py:handle_request():146] handle_request: keepalive
2024-05-22 14:13:25,906 DEBUG   HandlerThread:148775 [handler.py:handle_request():146] handle_request: keepalive
2024-05-22 14:13:30,908 DEBUG   HandlerThread:148775 [handler.py:handle_request():146] handle_request: keepalive
2024-05-22 14:13:34,903 DEBUG   SenderThread:148775 [sender.py:send():379] send: history
2024-05-22 14:13:34,904 DEBUG   SenderThread:148775 [sender.py:send_request():406] send_request: summary_record
2024-05-22 14:13:34,907 DEBUG   HandlerThread:148775 [handler.py:handle_request():146] handle_request: status_report
2024-05-22 14:13:34,910 INFO    SenderThread:148775 [sender.py:_save_file():1390] saving file wandb-summary.json with policy end
2024-05-22 14:13:34,911 DEBUG   SenderThread:148775 [sender.py:send():379] send: telemetry
2024-05-22 14:13:34,911 DEBUG   SenderThread:148775 [sender.py:send():379] send: exit
2024-05-22 14:13:34,911 INFO    SenderThread:148775 [sender.py:send_exit():586] handling exit code: 1
2024-05-22 14:13:34,912 INFO    SenderThread:148775 [sender.py:send_exit():588] handling runtime: 214
2024-05-22 14:13:34,912 INFO    SenderThread:148775 [sender.py:_save_file():1390] saving file wandb-summary.json with policy end
2024-05-22 14:13:34,913 INFO    SenderThread:148775 [sender.py:send_exit():594] send defer
2024-05-22 14:13:34,913 DEBUG   SenderThread:148775 [sender.py:send_request():406] send_request: poll_exit
2024-05-22 14:13:34,914 DEBUG   SenderThread:148775 [sender.py:send():379] send: stats
2024-05-22 14:13:34,915 DEBUG   HandlerThread:148775 [handler.py:handle_request():146] handle_request: defer
2024-05-22 14:13:34,915 INFO    HandlerThread:148775 [handler.py:handle_request_defer():172] handle defer: 0
2024-05-22 14:13:34,919 DEBUG   SenderThread:148775 [sender.py:send_request():406] send_request: defer
2024-05-22 14:13:34,921 INFO    SenderThread:148775 [sender.py:send_request_defer():610] handle sender defer: 0
2024-05-22 14:13:34,921 INFO    SenderThread:148775 [sender.py:transition_state():614] send defer: 1
2024-05-22 14:13:34,921 DEBUG   HandlerThread:148775 [handler.py:handle_request():146] handle_request: defer
2024-05-22 14:13:34,921 INFO    HandlerThread:148775 [handler.py:handle_request_defer():172] handle defer: 1
2024-05-22 14:13:34,923 INFO    Thread-12 :148775 [dir_watcher.py:_on_file_modified():288] file/dir modified: /home/test/FRL/wandb/run-20240522_140924-e2hxupqh/files/wandb-summary.json
2024-05-22 14:13:34,923 DEBUG   SenderThread:148775 [sender.py:send_request():406] send_request: defer
2024-05-22 14:13:34,923 INFO    SenderThread:148775 [sender.py:send_request_defer():610] handle sender defer: 1
2024-05-22 14:13:34,923 INFO    SenderThread:148775 [sender.py:transition_state():614] send defer: 2
2024-05-22 14:13:34,924 DEBUG   HandlerThread:148775 [handler.py:handle_request():146] handle_request: defer
2024-05-22 14:13:34,924 INFO    HandlerThread:148775 [handler.py:handle_request_defer():172] handle defer: 2
2024-05-22 14:13:34,924 INFO    HandlerThread:148775 [system_monitor.py:finish():203] Stopping system monitor
2024-05-22 14:13:34,925 DEBUG   SystemMonitor:148775 [system_monitor.py:_start():179] Finished system metrics aggregation loop
2024-05-22 14:13:34,925 DEBUG   SystemMonitor:148775 [system_monitor.py:_start():183] Publishing last batch of metrics
2024-05-22 14:13:34,928 INFO    HandlerThread:148775 [interfaces.py:finish():202] Joined cpu monitor
2024-05-22 14:13:34,929 INFO    HandlerThread:148775 [interfaces.py:finish():202] Joined disk monitor
2024-05-22 14:13:34,981 INFO    HandlerThread:148775 [interfaces.py:finish():202] Joined gpu monitor
2024-05-22 14:13:34,981 INFO    HandlerThread:148775 [interfaces.py:finish():202] Joined memory monitor
2024-05-22 14:13:34,981 INFO    HandlerThread:148775 [interfaces.py:finish():202] Joined network monitor
2024-05-22 14:13:34,981 DEBUG   SenderThread:148775 [sender.py:send_request():406] send_request: defer
2024-05-22 14:13:34,981 INFO    SenderThread:148775 [sender.py:send_request_defer():610] handle sender defer: 2
2024-05-22 14:13:34,981 INFO    SenderThread:148775 [sender.py:transition_state():614] send defer: 3
2024-05-22 14:13:34,981 DEBUG   SenderThread:148775 [sender.py:send():379] send: stats
2024-05-22 14:13:34,981 DEBUG   HandlerThread:148775 [handler.py:handle_request():146] handle_request: defer
2024-05-22 14:13:34,982 INFO    HandlerThread:148775 [handler.py:handle_request_defer():172] handle defer: 3
2024-05-22 14:13:34,982 DEBUG   SenderThread:148775 [sender.py:send_request():406] send_request: defer
2024-05-22 14:13:34,982 INFO    SenderThread:148775 [sender.py:send_request_defer():610] handle sender defer: 3
2024-05-22 14:13:34,982 INFO    SenderThread:148775 [sender.py:transition_state():614] send defer: 4
2024-05-22 14:13:34,982 DEBUG   HandlerThread:148775 [handler.py:handle_request():146] handle_request: defer
2024-05-22 14:13:34,982 INFO    HandlerThread:148775 [handler.py:handle_request_defer():172] handle defer: 4
2024-05-22 14:13:34,982 DEBUG   SenderThread:148775 [sender.py:send_request():406] send_request: defer
2024-05-22 14:13:34,982 INFO    SenderThread:148775 [sender.py:send_request_defer():610] handle sender defer: 4
2024-05-22 14:13:34,982 INFO    SenderThread:148775 [sender.py:transition_state():614] send defer: 5
2024-05-22 14:13:34,982 DEBUG   HandlerThread:148775 [handler.py:handle_request():146] handle_request: defer
2024-05-22 14:13:34,982 INFO    HandlerThread:148775 [handler.py:handle_request_defer():172] handle defer: 5
2024-05-22 14:13:34,983 DEBUG   SenderThread:148775 [sender.py:send():379] send: summary
2024-05-22 14:13:34,983 INFO    SenderThread:148775 [sender.py:_save_file():1390] saving file wandb-summary.json with policy end
2024-05-22 14:13:34,983 DEBUG   SenderThread:148775 [sender.py:send_request():406] send_request: defer
2024-05-22 14:13:34,983 INFO    SenderThread:148775 [sender.py:send_request_defer():610] handle sender defer: 5
2024-05-22 14:13:34,983 INFO    SenderThread:148775 [sender.py:transition_state():614] send defer: 6
2024-05-22 14:13:34,983 DEBUG   HandlerThread:148775 [handler.py:handle_request():146] handle_request: defer
2024-05-22 14:13:34,983 INFO    HandlerThread:148775 [handler.py:handle_request_defer():172] handle defer: 6
2024-05-22 14:13:34,983 DEBUG   SenderThread:148775 [sender.py:send_request():406] send_request: defer
2024-05-22 14:13:34,983 INFO    SenderThread:148775 [sender.py:send_request_defer():610] handle sender defer: 6
2024-05-22 14:13:34,986 DEBUG   HandlerThread:148775 [handler.py:handle_request():146] handle_request: status_report
2024-05-22 14:13:35,219 INFO    SenderThread:148775 [sender.py:transition_state():614] send defer: 7
2024-05-22 14:13:35,220 DEBUG   HandlerThread:148775 [handler.py:handle_request():146] handle_request: defer
2024-05-22 14:13:35,220 INFO    HandlerThread:148775 [handler.py:handle_request_defer():172] handle defer: 7
2024-05-22 14:13:35,221 DEBUG   SenderThread:148775 [sender.py:send_request():406] send_request: defer
2024-05-22 14:13:35,221 INFO    SenderThread:148775 [sender.py:send_request_defer():610] handle sender defer: 7
2024-05-22 14:13:35,909 DEBUG   HandlerThread:148775 [handler.py:handle_request():146] handle_request: keepalive
2024-05-22 14:13:35,910 DEBUG   HandlerThread:148775 [handler.py:handle_request():146] handle_request: poll_exit
2024-05-22 14:13:35,923 INFO    Thread-12 :148775 [dir_watcher.py:_on_file_modified():288] file/dir modified: /home/test/FRL/wandb/run-20240522_140924-e2hxupqh/files/config.yaml
2024-05-22 14:13:35,924 INFO    Thread-12 :148775 [dir_watcher.py:_on_file_modified():288] file/dir modified: /home/test/FRL/wandb/run-20240522_140924-e2hxupqh/files/wandb-summary.json
2024-05-22 14:13:37,206 INFO    SenderThread:148775 [sender.py:transition_state():614] send defer: 8
2024-05-22 14:13:37,206 DEBUG   SenderThread:148775 [sender.py:send_request():406] send_request: poll_exit
2024-05-22 14:13:37,207 DEBUG   HandlerThread:148775 [handler.py:handle_request():146] handle_request: defer
2024-05-22 14:13:37,207 INFO    HandlerThread:148775 [handler.py:handle_request_defer():172] handle defer: 8
2024-05-22 14:13:37,208 DEBUG   SenderThread:148775 [sender.py:send_request():406] send_request: defer
2024-05-22 14:13:37,208 INFO    SenderThread:148775 [sender.py:send_request_defer():610] handle sender defer: 8
2024-05-22 14:13:37,209 INFO    SenderThread:148775 [sender.py:transition_state():614] send defer: 9
2024-05-22 14:13:37,209 DEBUG   HandlerThread:148775 [handler.py:handle_request():146] handle_request: defer
2024-05-22 14:13:37,209 INFO    HandlerThread:148775 [handler.py:handle_request_defer():172] handle defer: 9
2024-05-22 14:13:37,210 DEBUG   SenderThread:148775 [sender.py:send_request():406] send_request: defer
2024-05-22 14:13:37,210 INFO    SenderThread:148775 [sender.py:send_request_defer():610] handle sender defer: 9
2024-05-22 14:13:37,210 INFO    SenderThread:148775 [dir_watcher.py:finish():358] shutting down directory watcher
2024-05-22 14:13:37,911 DEBUG   HandlerThread:148775 [handler.py:handle_request():146] handle_request: poll_exit
2024-05-22 14:13:37,925 INFO    Thread-12 :148775 [dir_watcher.py:_on_file_modified():288] file/dir modified: /home/test/FRL/wandb/run-20240522_140924-e2hxupqh/files/output.log
2024-05-22 14:13:37,926 INFO    SenderThread:148775 [dir_watcher.py:finish():388] scan: /home/test/FRL/wandb/run-20240522_140924-e2hxupqh/files
2024-05-22 14:13:37,927 INFO    SenderThread:148775 [dir_watcher.py:finish():402] scan save: /home/test/FRL/wandb/run-20240522_140924-e2hxupqh/files/requirements.txt requirements.txt
2024-05-22 14:13:37,927 INFO    SenderThread:148775 [dir_watcher.py:finish():402] scan save: /home/test/FRL/wandb/run-20240522_140924-e2hxupqh/files/config.yaml config.yaml
2024-05-22 14:13:37,934 INFO    SenderThread:148775 [dir_watcher.py:finish():402] scan save: /home/test/FRL/wandb/run-20240522_140924-e2hxupqh/files/output.log output.log
2024-05-22 14:13:37,934 INFO    SenderThread:148775 [dir_watcher.py:finish():402] scan save: /home/test/FRL/wandb/run-20240522_140924-e2hxupqh/files/conda-environment.yaml conda-environment.yaml
2024-05-22 14:13:37,936 INFO    SenderThread:148775 [dir_watcher.py:finish():402] scan save: /home/test/FRL/wandb/run-20240522_140924-e2hxupqh/files/wandb-summary.json wandb-summary.json
2024-05-22 14:13:37,936 INFO    SenderThread:148775 [dir_watcher.py:finish():402] scan save: /home/test/FRL/wandb/run-20240522_140924-e2hxupqh/files/wandb-metadata.json wandb-metadata.json
2024-05-22 14:13:37,937 INFO    SenderThread:148775 [sender.py:transition_state():614] send defer: 10
2024-05-22 14:13:37,937 DEBUG   SenderThread:148775 [sender.py:send_request():406] send_request: poll_exit
2024-05-22 14:13:37,943 DEBUG   HandlerThread:148775 [handler.py:handle_request():146] handle_request: defer
2024-05-22 14:13:37,945 INFO    HandlerThread:148775 [handler.py:handle_request_defer():172] handle defer: 10
2024-05-22 14:13:37,957 DEBUG   SenderThread:148775 [sender.py:send_request():406] send_request: defer
2024-05-22 14:13:37,964 INFO    SenderThread:148775 [sender.py:send_request_defer():610] handle sender defer: 10
2024-05-22 14:13:37,965 INFO    SenderThread:148775 [file_pusher.py:finish():172] shutting down file pusher
2024-05-22 14:13:38,721 INFO    wandb-upload_1:148775 [upload_job.py:push():131] Uploaded file /home/test/FRL/wandb/run-20240522_140924-e2hxupqh/files/config.yaml
2024-05-22 14:13:38,723 INFO    wandb-upload_0:148775 [upload_job.py:push():131] Uploaded file /home/test/FRL/wandb/run-20240522_140924-e2hxupqh/files/requirements.txt
2024-05-22 14:13:38,772 INFO    wandb-upload_2:148775 [upload_job.py:push():131] Uploaded file /home/test/FRL/wandb/run-20240522_140924-e2hxupqh/files/output.log
2024-05-22 14:13:38,780 INFO    wandb-upload_3:148775 [upload_job.py:push():131] Uploaded file /home/test/FRL/wandb/run-20240522_140924-e2hxupqh/files/conda-environment.yaml
2024-05-22 14:13:38,795 INFO    wandb-upload_4:148775 [upload_job.py:push():131] Uploaded file /home/test/FRL/wandb/run-20240522_140924-e2hxupqh/files/wandb-summary.json
2024-05-22 14:13:38,912 DEBUG   HandlerThread:148775 [handler.py:handle_request():146] handle_request: poll_exit
2024-05-22 14:13:38,913 DEBUG   SenderThread:148775 [sender.py:send_request():406] send_request: poll_exit
2024-05-22 14:13:38,996 INFO    Thread-11 (_thread_body):148775 [sender.py:transition_state():614] send defer: 11
2024-05-22 14:13:38,997 DEBUG   HandlerThread:148775 [handler.py:handle_request():146] handle_request: defer
2024-05-22 14:13:38,997 INFO    HandlerThread:148775 [handler.py:handle_request_defer():172] handle defer: 11
2024-05-22 14:13:38,998 DEBUG   SenderThread:148775 [sender.py:send_request():406] send_request: defer
2024-05-22 14:13:38,998 INFO    SenderThread:148775 [sender.py:send_request_defer():610] handle sender defer: 11
2024-05-22 14:13:38,998 INFO    SenderThread:148775 [file_pusher.py:join():178] waiting for file pusher
2024-05-22 14:13:38,999 INFO    SenderThread:148775 [sender.py:transition_state():614] send defer: 12
2024-05-22 14:13:38,999 DEBUG   HandlerThread:148775 [handler.py:handle_request():146] handle_request: defer
2024-05-22 14:13:38,999 INFO    HandlerThread:148775 [handler.py:handle_request_defer():172] handle defer: 12
2024-05-22 14:13:39,000 DEBUG   SenderThread:148775 [sender.py:send_request():406] send_request: defer
2024-05-22 14:13:39,000 INFO    SenderThread:148775 [sender.py:send_request_defer():610] handle sender defer: 12
2024-05-22 14:13:39,001 INFO    SenderThread:148775 [file_stream.py:finish():614] file stream finish called
2024-05-22 14:13:39,697 INFO    SenderThread:148775 [file_stream.py:finish():618] file stream finish is done
2024-05-22 14:13:39,697 INFO    SenderThread:148775 [sender.py:transition_state():614] send defer: 13
2024-05-22 14:13:39,698 DEBUG   HandlerThread:148775 [handler.py:handle_request():146] handle_request: defer
2024-05-22 14:13:39,698 INFO    HandlerThread:148775 [handler.py:handle_request_defer():172] handle defer: 13
2024-05-22 14:13:39,699 DEBUG   SenderThread:148775 [sender.py:send_request():406] send_request: defer
2024-05-22 14:13:39,699 INFO    SenderThread:148775 [sender.py:send_request_defer():610] handle sender defer: 13
2024-05-22 14:13:39,699 INFO    SenderThread:148775 [sender.py:transition_state():614] send defer: 14
2024-05-22 14:13:39,700 DEBUG   HandlerThread:148775 [handler.py:handle_request():146] handle_request: defer
2024-05-22 14:13:39,700 INFO    HandlerThread:148775 [handler.py:handle_request_defer():172] handle defer: 14
2024-05-22 14:13:39,701 DEBUG   SenderThread:148775 [sender.py:send():379] send: final
2024-05-22 14:13:39,701 DEBUG   SenderThread:148775 [sender.py:send():379] send: footer
2024-05-22 14:13:39,702 DEBUG   SenderThread:148775 [sender.py:send_request():406] send_request: defer
2024-05-22 14:13:39,702 INFO    SenderThread:148775 [sender.py:send_request_defer():610] handle sender defer: 14
2024-05-22 14:13:39,704 DEBUG   HandlerThread:148775 [handler.py:handle_request():146] handle_request: poll_exit
2024-05-22 14:13:39,704 DEBUG   SenderThread:148775 [sender.py:send_request():406] send_request: poll_exit
2024-05-22 14:13:39,707 DEBUG   HandlerThread:148775 [handler.py:handle_request():146] handle_request: internal_messages
2024-05-22 14:13:39,708 DEBUG   HandlerThread:148775 [handler.py:handle_request():146] handle_request: server_info
2024-05-22 14:13:39,709 DEBUG   SenderThread:148775 [sender.py:send_request():406] send_request: server_info
2024-05-22 14:13:39,749 DEBUG   HandlerThread:148775 [handler.py:handle_request():146] handle_request: get_summary
2024-05-22 14:13:39,749 DEBUG   HandlerThread:148775 [handler.py:handle_request():146] handle_request: sampled_history
2024-05-22 14:13:39,935 DEBUG   HandlerThread:148775 [handler.py:handle_request():146] handle_request: shutdown
2024-05-22 14:13:39,935 INFO    HandlerThread:148775 [handler.py:finish():866] shutting down handler
2024-05-22 14:13:40,709 INFO    WriterThread:148775 [datastore.py:close():296] close: /home/test/FRL/wandb/run-20240522_140924-e2hxupqh/run-e2hxupqh.wandb
2024-05-22 14:13:40,934 INFO    SenderThread:148775 [sender.py:finish():1546] shutting down sender
2024-05-22 14:13:40,934 INFO    SenderThread:148775 [file_pusher.py:finish():172] shutting down file pusher
2024-05-22 14:13:40,934 INFO    SenderThread:148775 [file_pusher.py:join():178] waiting for file pusher
